--------------------------------
optimazer is Adam
[GPU1] Epoch 0 | Batchsize: 128 | Steps: 235
[GPU0] Epoch 0 | Batchsize: 128 | Steps: 235
[GPU0] Evaluation Loss: 0.4031 | Accuracy: 84.68% | Iterations: 40
[GPU1] Evaluation Loss: 0.3824 | Accuracy: 85.50% | Iterations: 40
[GPU0] Epoch 1 | Batchsize: 128 | Steps: 235
[GPU1] Epoch 1 | Batchsize: 128 | Steps: 235
[GPU0] Evaluation Loss: 0.3372 | Accuracy: 87.90% | Iterations: 40
[GPU1] Evaluation Loss: 0.3286 | Accuracy: 87.28% | Iterations: 40
[GPU0] Epoch 2 | Batchsize: 128 | Steps: 235
[GPU1] Epoch 2 | Batchsize: 128 | Steps: 235
[GPU1] Evaluation Loss: 0.3098 | Accuracy: 88.56% | Iterations: 40
[GPU0] Evaluation Loss: 0.3323 | Accuracy: 88.06% | Iterations: 40
[GPU1] Epoch 3 | Batchsize: 128 | Steps: 235
[GPU0] Epoch 3 | Batchsize: 128 | Steps: 235
[GPU0] Evaluation Loss: 0.3112 | Accuracy: 89.42% | Iterations: 40
[GPU0] Traning Time: 10.995329856872559
[GPU1] Evaluation Loss: 0.2965 | Accuracy: 89.08% | Iterations: 40
[GPU1] Traning Time: 11.002313375473022
Rank: 1, Max Memory Allocated: 24.75 MB
[GPU1] Total time: 11.55
Rank: 0, Max Memory Allocated: 24.75 MB
[GPU0] Total time: 12.09
ARGS: () KWARGS: {}
2: group_world_size: 1
group_world_size: 1 role_infos: [<torch.distributed.elastic.agent.server.api._RoleInstanceInfo object at 0x7fd2d6ffe3c0>]
--------------------------------
optimazer is SGD
[GPU1] Epoch 0 | Batchsize: 128 | Steps: 235
[GPU0] Epoch 0 | Batchsize: 128 | Steps: 235
[GPU1] Evaluation Loss: 2.2958 | Accuracy: 9.72% | Iterations: 40[GPU0] Evaluation Loss: 2.2945 | Accuracy: 10.28% | Iterations: 40

[GPU1] Epoch 1 | Batchsize: 128 | Steps: 235
[GPU0] Epoch 1 | Batchsize: 128 | Steps: 235
[GPU0] Evaluation Loss: 2.2666 | Accuracy: 20.66% | Iterations: 40
[GPU1] Evaluation Loss: 2.2681 | Accuracy: 19.24% | Iterations: 40
[GPU0] Epoch 2 | Batchsize: 128 | Steps: 235
[GPU1] Epoch 2 | Batchsize: 128 | Steps: 235
[GPU0] Evaluation Loss: 1.5374 | Accuracy: 50.34% | Iterations: 40
[GPU1] Evaluation Loss: 1.5374 | Accuracy: 50.88% | Iterations: 40
[GPU0] Epoch 3 | Batchsize: 128 | Steps: 235
[GPU1] Epoch 3 | Batchsize: 128 | Steps: 235
[GPU1] Evaluation Loss: 0.9560 | Accuracy: 62.54% | Iterations: 40
[GPU1] Traning Time: 10.970312118530273
[GPU0] Evaluation Loss: 0.9611 | Accuracy: 62.58% | Iterations: 40
[GPU0] Traning Time: 10.971107006072998
Rank: 0, Max Memory Allocated: 24.27 MB
[GPU0] Total time: 12.49
Rank: 1, Max Memory Allocated: 24.27 MB
[GPU1] Total time: 12.49
ARGS: () KWARGS: {}
2: group_world_size: 1
group_world_size: 1 role_infos: [<torch.distributed.elastic.agent.server.api._RoleInstanceInfo object at 0x7f0093278a80>]
--------------------------------
optimazer is Adagrad
[GPU1] Epoch 0 | Batchsize: 128 | Steps: 235
[GPU0] Epoch 0 | Batchsize: 128 | Steps: 235
ARGS: () KWARGS: {}
2: group_world_size: 1
group_world_size: 1 role_infos: [<torch.distributed.elastic.agent.server.api._RoleInstanceInfo object at 0x7f333347e5c0>]
--------------------------------
optimazer is RMSprop
[GPU1] Epoch 0 | Batchsize: 128 | Steps: 235
[GPU0] Epoch 0 | Batchsize: 128 | Steps: 235
[GPU0] Evaluation Loss: 0.5623 | Accuracy: 79.56% | Iterations: 40
[GPU1] Evaluation Loss: 0.5367 | Accuracy: 79.56% | Iterations: 40
[GPU0] Epoch 1 | Batchsize: 128 | Steps: 235
[GPU1] Epoch 1 | Batchsize: 128 | Steps: 235
[GPU0] Evaluation Loss: 0.5572 | Accuracy: 79.00% | Iterations: 40
[GPU1] Evaluation Loss: 0.5384 | Accuracy: 80.52% | Iterations: 40
[GPU0] Epoch 2 | Batchsize: 128 | Steps: 235
[GPU1] Epoch 2 | Batchsize: 128 | Steps: 235
[GPU0] Evaluation Loss: 0.4336 | Accuracy: 83.50% | Iterations: 40
[GPU1] Evaluation Loss: 0.4221 | Accuracy: 84.20% | Iterations: 40
[GPU1] Epoch 3 | Batchsize: 128 | Steps: 235
[GPU0] Epoch 3 | Batchsize: 128 | Steps: 235
[GPU0] Evaluation Loss: 0.4480 | Accuracy: 82.92% | Iterations: 40
[GPU0] Traning Time: 11.004578828811646
[GPU1] Evaluation Loss: 0.4344 | Accuracy: 82.96% | Iterations: 40
[GPU1] Traning Time: 11.017455577850342
Rank: 0, Max Memory Allocated: 24.51 MB
[GPU0] Total time: 12.01
Rank: 1, Max Memory Allocated: 24.51 MB
[GPU1] Total time: 12.01
ARGS: () KWARGS: {}
2: group_world_size: 1
group_world_size: 1 role_infos: [<torch.distributed.elastic.agent.server.api._RoleInstanceInfo object at 0x7efc7ba17240>]
