batch size is: 16
[GPU0] Evaluation Loss: 0.3447 | Accuracy: 87.34% 
[GPU1] Evaluation Loss: 0.3376 | Accuracy: 87.66% 
[GPU0] Max Memory Allocated: 19.17 MB
[GPU0] Total time: 79.08
[GPU1] Max Memory Allocated: 19.17 MB
[GPU1] Total time: 79.09
ARGS: () KWARGS: {}
2: group_world_size: 1
group_world_size: 1 role_infos: [<torch.distributed.elastic.agent.server.api._RoleInstanceInfo object at 0x7f6d453ca880>]
batch size is: 32
[GPU1] Evaluation Loss: 0.3712 | Accuracy: 86.96% 
[GPU0] Evaluation Loss: 0.3846 | Accuracy: 85.64% 
[GPU0] Max Memory Allocated: 19.91 MB
[GPU0] Total time: 14.51
[GPU1] Max Memory Allocated: 19.91 MB
[GPU1] Total time: 14.52
ARGS: () KWARGS: {}
2: group_world_size: 1
group_world_size: 1 role_infos: [<torch.distributed.elastic.agent.server.api._RoleInstanceInfo object at 0x7f2fefb2fac0>]
batch size is: 64
[GPU1] Evaluation Loss: 0.4027 | Accuracy: 84.96% 
[GPU0] Evaluation Loss: 0.4331 | Accuracy: 84.52% 
[GPU0] Max Memory Allocated: 21.38 MB
[GPU0] Total time: 12.52
[GPU1] Max Memory Allocated: 21.38 MB
[GPU1] Total time: 12.53
ARGS: () KWARGS: {}
2: group_world_size: 1
group_world_size: 1 role_infos: [<torch.distributed.elastic.agent.server.api._RoleInstanceInfo object at 0x7f305596ea40>]
batch size is: 128
[GPU1] Evaluation Loss: 0.4698 | Accuracy: 82.80% 
[GPU0] Evaluation Loss: 0.4879 | Accuracy: 82.46% 
[GPU0] Max Memory Allocated: 24.76 MB
[GPU0] Total time: 11.53
[GPU1] Max Memory Allocated: 24.76 MB
[GPU1] Total time: 11.54
ARGS: () KWARGS: {}
2: group_world_size: 1
group_world_size: 1 role_infos: [<torch.distributed.elastic.agent.server.api._RoleInstanceInfo object at 0x7fedb17b5100>]
